# JRE version: Java(TM) SE Runtime Environment (8.0_11-b12) (build 1.8.0_11-b12)
# Java VM: Java HotSpot(TM) 64-Bit Server VM (25.11-b03 mixed mode bsd-amd64 compressed oops)
Heap:
 PSYoungGen      total 20480K, used 11040K [0x0000000795580000, 0x0000000796c00000, 0x00000007c0000000)
  eden space 19456K, 52% used [0x0000000795580000,0x0000000795f782a8,0x0000000796880000)
  from space 1024K, 81% used [0x0000000796980000,0x0000000796a50000,0x0000000796a80000)
  to   space 1536K, 0% used [0x0000000796a80000,0x0000000796a80000,0x0000000796c00000)
 ParOldGen       total 129536K, used 4810K [0x0000000740000000, 0x0000000747e80000, 0x0000000795580000)
  object space 129536K, 3% used [0x0000000740000000,0x00000007404b29d0,0x0000000747e80000)
 Metaspace       used 8590K, capacity 8669K, committed 8832K, reserved 1056768K
  class space    used 805K, capacity 844K, committed 896K, reserved 1048576K
GC Heap History (10 events):
Event: 8.900 GC heap before
{Heap before GC invocations=11 (full 0):
 PSYoungGen      total 14848K, used 14062K [0x0000000795580000, 0x0000000796580000, 0x00000007c0000000)
  eden space 13312K, 100% used [0x0000000795580000,0x0000000796280000,0x0000000796280000)
  from space 1536K, 48% used [0x0000000796400000,0x00000007964bb890,0x0000000796580000)
  to   space 1536K, 0% used [0x0000000796280000,0x0000000796280000,0x0000000796400000)
 ParOldGen       total 129536K, used 1972K [0x0000000740000000, 0x0000000747e80000, 0x0000000795580000)
  object space 129536K, 1% used [0x0000000740000000,0x00000007401ed118,0x0000000747e80000)
 Metaspace       used 8492K, capacity 8605K, committed 8832K, reserved 1056768K
  class space    used 802K, capacity 844K, committed 896K, reserved 1048576K
Event: 8.905 GC heap after
Heap after GC invocations=11 (full 0):
 PSYoungGen      total 14848K, used 480K [0x0000000795580000, 0x0000000796d80000, 0x00000007c0000000)
  eden space 13312K, 0% used [0x0000000795580000,0x0000000795580000,0x0000000796280000)
  from space 1536K, 31% used [0x0000000796280000,0x00000007962f8000,0x0000000796400000)
  to   space 1536K, 0% used [0x0000000796c00000,0x0000000796c00000,0x0000000796d80000)
 ParOldGen       total 129536K, used 2644K [0x0000000740000000, 0x0000000747e80000, 0x0000000795580000)
  object space 129536K, 2% used [0x0000000740000000,0x00000007402951b8,0x0000000747e80000)
 Metaspace       used 8492K, capacity 8605K, committed 8832K, reserved 1056768K
  class space    used 802K, capacity 844K, committed 896K, reserved 1048576K
}
Event: 12.601 GC heap before
{Heap before GC invocations=12 (full 0):
 PSYoungGen      total 14848K, used 13792K [0x0000000795580000, 0x0000000796d80000, 0x00000007c0000000)
  eden space 13312K, 100% used [0x0000000795580000,0x0000000796280000,0x0000000796280000)
  from space 1536K, 31% used [0x0000000796280000,0x00000007962f8000,0x0000000796400000)
  to   space 1536K, 0% used [0x0000000796c00000,0x0000000796c00000,0x0000000796d80000)
 ParOldGen       total 129536K, used 2644K [0x0000000740000000, 0x0000000747e80000, 0x0000000795580000)
  object space 129536K, 2% used [0x0000000740000000,0x00000007402951b8,0x0000000747e80000)
 Metaspace       used 8537K, capacity 8669K, committed 8832K, reserved 1056768K
  class space    used 802K, capacity 844K, committed 896K, reserved 1048576K
Event: 12.604 GC heap after
Heap after GC invocations=12 (full 0):
 PSYoungGen      total 23040K, used 480K [0x0000000795580000, 0x0000000796d80000, 0x00000007c0000000)
  eden space 21504K, 0% used [0x0000000795580000,0x0000000795580000,0x0000000796a80000)
  from space 1536K, 31% used [0x0000000796c00000,0x0000000796c78000,0x0000000796d80000)
  to   space 1536K, 0% used [0x0000000796a80000,0x0000000796a80000,0x0000000796c00000)
 ParOldGen       total 129536K, used 3065K [0x0000000740000000, 0x0000000747e80000, 0x0000000795580000)
  object space 129536K, 2% used [0x0000000740000000,0x00000007402fe770,0x0000000747e80000)
 Metaspace       used 8537K, capacity 8669K, committed 8832K, reserved 1056768K
  class space    used 802K, capacity 844K, committed 896K, reserved 1048576K
}
Event: 18.518 GC heap before
{Heap before GC invocations=13 (full 0):
 PSYoungGen      total 23040K, used 21984K [0x0000000795580000, 0x0000000796d80000, 0x00000007c0000000)
  eden space 21504K, 100% used [0x0000000795580000,0x0000000796a80000,0x0000000796a80000)
  from space 1536K, 31% used [0x0000000796c00000,0x0000000796c78000,0x0000000796d80000)
  to   space 1536K, 0% used [0x0000000796a80000,0x0000000796a80000,0x0000000796c00000)
 ParOldGen       total 129536K, used 3065K [0x0000000740000000, 0x0000000747e80000, 0x0000000795580000)
  object space 129536K, 2% used [0x0000000740000000,0x00000007402fe770,0x0000000747e80000)
 Metaspace       used 8544K, capacity 8669K, committed 8832K, reserved 1056768K
  class space    used 802K, capacity 844K, committed 896K, reserved 1048576K
Event: 18.522 GC heap after
Heap after GC invocations=13 (full 0):
 PSYoungGen      total 21504K, used 736K [0x0000000795580000, 0x0000000796c80000, 0x00000007c0000000)
  eden space 20480K, 0% used [0x0000000795580000,0x0000000795580000,0x0000000796980000)
  from space 1024K, 71% used [0x0000000796a80000,0x0000000796b38000,0x0000000796b80000)
  to   space 1024K, 0% used [0x0000000796b80000,0x0000000796b80000,0x0000000796c80000)
 ParOldGen       total 129536K, used 3489K [0x0000000740000000, 0x0000000747e80000, 0x0000000795580000)
  object space 129536K, 2% used [0x0000000740000000,0x0000000740368770,0x0000000747e80000)
 Metaspace       used 8544K, capacity 8669K, committed 8832K, reserved 1056768K
  class space    used 802K, capacity 844K, committed 896K, reserved 1048576K
}
Event: 24.089 GC heap before
{Heap before GC invocations=14 (full 0):
 PSYoungGen      total 21504K, used 21216K [0x0000000795580000, 0x0000000796c80000, 0x00000007c0000000)
  eden space 20480K, 100% used [0x0000000795580000,0x0000000796980000,0x0000000796980000)
  from space 1024K, 71% used [0x0000000796a80000,0x0000000796b38000,0x0000000796b80000)
  to   space 1024K, 0% used [0x0000000796b80000,0x0000000796b80000,0x0000000796c80000)
 ParOldGen       total 129536K, used 3489K [0x0000000740000000, 0x0000000747e80000, 0x0000000795580000)
  object space 129536K, 2% used [0x0000000740000000,0x0000000740368770,0x0000000747e80000)
 Metaspace       used 8546K, capacity 8669K, committed 8832K, reserved 1056768K
  class space    used 802K, capacity 844K, committed 896K, reserved 1048576K
Event: 24.093 GC heap after
Heap after GC invocations=14 (full 0):
 PSYoungGen      total 20992K, used 736K [0x0000000795580000, 0x0000000796c80000, 0x00000007c0000000)
  eden space 19968K, 0% used [0x0000000795580000,0x0000000795580000,0x0000000796900000)
  from space 1024K, 71% used [0x0000000796b80000,0x0000000796c38000,0x0000000796c80000)
  to   space 1536K, 0% used [0x0000000796980000,0x0000000796980000,0x0000000796b00000)
 ParOldGen       total 129536K, used 4153K [0x0000000740000000, 0x0000000747e80000, 0x0000000795580000)
  object space 129536K, 3% used [0x0000000740000000,0x000000074040e770,0x0000000747e80000)
 Metaspace       used 8546K, capacity 8669K, committed 8832K, reserved 1056768K
  class space    used 802K, capacity 844K, committed 896K, reserved 1048576K
}
Event: 28.737 GC heap before
{Heap before GC invocations=15 (full 0):
 PSYoungGen      total 20992K, used 20704K [0x0000000795580000, 0x0000000796c80000, 0x00000007c0000000)
  eden space 19968K, 100% used [0x0000000795580000,0x0000000796900000,0x0000000796900000)
  from space 1024K, 71% used [0x0000000796b80000,0x0000000796c38000,0x0000000796c80000)
  to   space 1536K, 0% used [0x0000000796980000,0x0000000796980000,0x0000000796b00000)
 ParOldGen       total 129536K, used 4153K [0x0000000740000000, 0x0000000747e80000, 0x0000000795580000)
  object space 129536K, 3% used [0x0000000740000000,0x000000074040e770,0x0000000747e80000)
 Metaspace       used 8552K, capacity 8669K, committed 8832K, reserved 1056768K
  class space    used 802K, capacity 844K, committed 896K, reserved 1048576K
Event: 28.741 GC heap after
Heap after GC invocations=15 (full 0):
 PSYoungGen      total 20480K, used 832K [0x0000000795580000, 0x0000000796c00000, 0x00000007c0000000)
  eden space 19456K, 0% used [0x0000000795580000,0x0000000795580000,0x0000000796880000)
  from space 1024K, 81% used [0x0000000796980000,0x0000000796a50000,0x0000000796a80000)
  to   space 1536K, 0% used [0x0000000796a80000,0x0000000796a80000,0x0000000796c00000)
 ParOldGen       total 129536K, used 4810K [0x0000000740000000, 0x0000000747e80000, 0x0000000795580000)
  object space 129536K, 3% used [0x0000000740000000,0x00000007404b29d0,0x0000000747e80000)
 Metaspace       used 8552K, capacity 8669K, committed 8832K, reserved 1056768K
  class space    used 802K, capacity 844K, committed 896K, reserved 1048576K
}

